{"D:\\Git\\coffee-project-master\\main.js": {"path":"D:\\Git\\coffee-project-master\\main.js","statementMap":{"0":{"start":{"line":2,"column":0},"end":{"line":11,"column":2}},"1":{"start":{"line":3,"column":13},"end":{"line":3,"column":35}},"2":{"start":{"line":5,"column":2},"end":{"line":5,"column":56}},"3":{"start":{"line":6,"column":2},"end":{"line":6,"column":63}},"4":{"start":{"line":7,"column":2},"end":{"line":7,"column":54}},"5":{"start":{"line":8,"column":2},"end":{"line":8,"column":19}},"6":{"start":{"line":10,"column":2},"end":{"line":10,"column":14}},"7":{"start":{"line":13,"column":0},"end":{"line":34,"column":2}},"8":{"start":{"line":14,"column":13},"end":{"line":14,"column":15}},"9":{"start":{"line":16,"column":2},"end":{"line":20,"column":3}},"10":{"start":{"line":16,"column":15},"end":{"line":16,"column":16}},"11":{"start":{"line":17,"column":4},"end":{"line":19,"column":5}},"12":{"start":{"line":18,"column":6},"end":{"line":18,"column":39}},"13":{"start":{"line":22,"column":2},"end":{"line":26,"column":3}},"14":{"start":{"line":22,"column":15},"end":{"line":22,"column":16}},"15":{"start":{"line":23,"column":4},"end":{"line":25,"column":5}},"16":{"start":{"line":24,"column":6},"end":{"line":24,"column":39}},"17":{"start":{"line":28,"column":2},"end":{"line":32,"column":3}},"18":{"start":{"line":28,"column":15},"end":{"line":28,"column":16}},"19":{"start":{"line":29,"column":4},"end":{"line":31,"column":5}},"20":{"start":{"line":30,"column":6},"end":{"line":30,"column":39}},"21":{"start":{"line":33,"column":2},"end":{"line":33,"column":14}},"22":{"start":{"line":36,"column":0},"end":{"line":66,"column":2}},"23":{"start":{"line":38,"column":2},"end":{"line":40,"column":3}},"24":{"start":{"line":39,"column":4},"end":{"line":39,"column":23}},"25":{"start":{"line":42,"column":21},"end":{"line":42,"column":39}},"26":{"start":{"line":43,"column":22},"end":{"line":43,"column":42}},"27":{"start":{"line":45,"column":24},"end":{"line":45,"column":26}},"28":{"start":{"line":46,"column":2},"end":{"line":63,"column":5}},"29":{"start":{"line":48,"column":4},"end":{"line":62,"column":5}},"30":{"start":{"line":53,"column":6},"end":{"line":53,"column":35}},"31":{"start":{"line":56,"column":9},"end":{"line":62,"column":5}},"32":{"start":{"line":61,"column":6},"end":{"line":61,"column":35}},"33":{"start":{"line":65,"column":2},"end":{"line":65,"column":56}},"34":{"start":{"line":69,"column":0},"end":{"line":85,"column":2}},"35":{"start":{"line":70,"column":2},"end":{"line":70,"column":21}},"36":{"start":{"line":72,"column":22},"end":{"line":72,"column":70}},"37":{"start":{"line":74,"column":23},"end":{"line":74,"column":72}},"38":{"start":{"line":76,"column":18},"end":{"line":80,"column":3}},"39":{"start":{"line":82,"column":2},"end":{"line":82,"column":26}},"40":{"start":{"line":84,"column":2},"end":{"line":84,"column":18}},"41":{"start":{"line":90,"column":14},"end":{"line":105,"column":1}},"42":{"start":{"line":108,"column":17},"end":{"line":108,"column":51}},"43":{"start":{"line":110,"column":19},"end":{"line":110,"column":52}},"44":{"start":{"line":112,"column":21},"end":{"line":112,"column":63}},"45":{"start":{"line":115,"column":19},"end":{"line":115,"column":57}},"46":{"start":{"line":117,"column":22},"end":{"line":117,"column":66}},"47":{"start":{"line":122,"column":2},"end":{"line":137,"column":3}},"48":{"start":{"line":124,"column":4},"end":{"line":124,"column":50}},"49":{"start":{"line":125,"column":4},"end":{"line":125,"column":28}},"50":{"start":{"line":127,"column":4},"end":{"line":127,"column":58}},"51":{"start":{"line":129,"column":4},"end":{"line":129,"column":60}},"52":{"start":{"line":132,"column":4},"end":{"line":132,"column":61}},"53":{"start":{"line":136,"column":4},"end":{"line":136,"column":19}},"54":{"start":{"line":140,"column":0},"end":{"line":140,"column":7}}},"fnMap":{"0":{"name":"(anonymous_0)","decl":{"start":{"line":2,"column":23},"end":{"line":2,"column":24}},"loc":{"start":{"line":2,"column":35},"end":{"line":11,"column":1}},"line":2},"1":{"name":"(anonymous_1)","decl":{"start":{"line":13,"column":24},"end":{"line":13,"column":25}},"loc":{"start":{"line":13,"column":37},"end":{"line":34,"column":1}},"line":13},"2":{"name":"(anonymous_2)","decl":{"start":{"line":36,"column":24},"end":{"line":36,"column":25}},"loc":{"start":{"line":36,"column":31},"end":{"line":66,"column":1}},"line":36},"3":{"name":"(anonymous_3)","decl":{"start":{"line":46,"column":18},"end":{"line":46,"column":19}},"loc":{"start":{"line":46,"column":36},"end":{"line":63,"column":3}},"line":46},"4":{"name":"(anonymous_4)","decl":{"start":{"line":69,"column":23},"end":{"line":69,"column":24}},"loc":{"start":{"line":69,"column":30},"end":{"line":85,"column":1}},"line":69},"5":{"name":"init","decl":{"start":{"line":121,"column":9},"end":{"line":121,"column":13}},"loc":{"start":{"line":121,"column":16},"end":{"line":138,"column":1}},"line":121}},"branchMap":{"0":{"loc":{"start":{"line":17,"column":4},"end":{"line":19,"column":5}},"type":"if","locations":[{"start":{"line":17,"column":4},"end":{"line":19,"column":5}},{"start":{},"end":{}}],"line":17},"1":{"loc":{"start":{"line":23,"column":4},"end":{"line":25,"column":5}},"type":"if","locations":[{"start":{"line":23,"column":4},"end":{"line":25,"column":5}},{"start":{},"end":{}}],"line":23},"2":{"loc":{"start":{"line":29,"column":4},"end":{"line":31,"column":5}},"type":"if","locations":[{"start":{"line":29,"column":4},"end":{"line":31,"column":5}},{"start":{},"end":{}}],"line":29},"3":{"loc":{"start":{"line":38,"column":2},"end":{"line":40,"column":3}},"type":"if","locations":[{"start":{"line":38,"column":2},"end":{"line":40,"column":3}},{"start":{},"end":{}}],"line":38},"4":{"loc":{"start":{"line":48,"column":4},"end":{"line":62,"column":5}},"type":"if","locations":[{"start":{"line":48,"column":4},"end":{"line":62,"column":5}},{"start":{"line":56,"column":9},"end":{"line":62,"column":5}}],"line":48},"5":{"loc":{"start":{"line":49,"column":6},"end":{"line":50,"column":36}},"type":"binary-expr","locations":[{"start":{"line":49,"column":6},"end":{"line":49,"column":68}},{"start":{"line":50,"column":6},"end":{"line":50,"column":36}}],"line":49},"6":{"loc":{"start":{"line":56,"column":9},"end":{"line":62,"column":5}},"type":"if","locations":[{"start":{"line":56,"column":9},"end":{"line":62,"column":5}},{"start":{},"end":{}}],"line":56},"7":{"loc":{"start":{"line":57,"column":6},"end":{"line":58,"column":29}},"type":"binary-expr","locations":[{"start":{"line":57,"column":6},"end":{"line":57,"column":68}},{"start":{"line":58,"column":6},"end":{"line":58,"column":29}}],"line":57}},"s":{"0":1,"1":1,"2":1,"3":1,"4":1,"5":1,"6":1,"7":1,"8":0,"9":0,"10":0,"11":0,"12":0,"13":0,"14":0,"15":0,"16":0,"17":0,"18":0,"19":0,"20":0,"21":0,"22":1,"23":0,"24":0,"25":0,"26":0,"27":0,"28":0,"29":0,"30":0,"31":0,"32":0,"33":0,"34":1,"35":0,"36":0,"37":0,"38":0,"39":0,"40":0,"41":1,"42":1,"43":1,"44":1,"45":1,"46":1,"47":1,"48":1,"49":0,"50":0,"51":0,"52":0,"53":1,"54":1},"f":{"0":1,"1":0,"2":0,"3":0,"4":0,"5":1},"b":{"0":[0,0],"1":[0,0],"2":[0,0],"3":[0,0],"4":[0,0],"5":[0,0],"6":[0,0],"7":[0,0]},"_coverageSchema":"1a1c01bbd47fc00a2c39e90264f33305004495a9","hash":"6ba18887aecda4a0b927485a043cda1e78b4ef2d"}
,"D:\\Git\\coffee-project-master\\tests\\data.js": {"path":"D:\\Git\\coffee-project-master\\tests\\data.js","statementMap":{"0":{"start":{"line":1,"column":0},"end":{"line":16,"column":2}}},"fnMap":{},"branchMap":{},"s":{"0":1},"f":{},"b":{},"_coverageSchema":"1a1c01bbd47fc00a2c39e90264f33305004495a9","hash":"b52e191d284fde5fc4f86793dda62a8872487438"}
}
