TN:
SF:main.js
FN:2,(anonymous_0)
FN:13,(anonymous_1)
FN:36,(anonymous_2)
FN:46,(anonymous_3)
FN:69,(anonymous_4)
FN:121,init
FNF:6
FNH:2
FNDA:1,(anonymous_0)
FNDA:0,(anonymous_1)
FNDA:0,(anonymous_2)
FNDA:0,(anonymous_3)
FNDA:0,(anonymous_4)
FNDA:1,init
DA:2,1
DA:3,1
DA:5,1
DA:6,1
DA:7,1
DA:8,1
DA:10,1
DA:13,1
DA:14,0
DA:16,0
DA:17,0
DA:18,0
DA:22,0
DA:23,0
DA:24,0
DA:28,0
DA:29,0
DA:30,0
DA:33,0
DA:36,1
DA:38,0
DA:39,0
DA:42,0
DA:43,0
DA:45,0
DA:46,0
DA:48,0
DA:53,0
DA:56,0
DA:61,0
DA:65,0
DA:69,1
DA:70,0
DA:72,0
DA:74,0
DA:76,0
DA:82,0
DA:84,0
DA:90,1
DA:108,1
DA:110,1
DA:112,1
DA:115,1
DA:117,1
DA:122,1
DA:124,1
DA:125,0
DA:127,0
DA:129,0
DA:132,0
DA:136,1
DA:140,1
LF:52
LH:20
BRDA:17,0,0,0
BRDA:17,0,1,0
BRDA:23,1,0,0
BRDA:23,1,1,0
BRDA:29,2,0,0
BRDA:29,2,1,0
BRDA:38,3,0,0
BRDA:38,3,1,0
BRDA:48,4,0,0
BRDA:48,4,1,0
BRDA:49,5,0,0
BRDA:49,5,1,0
BRDA:56,6,0,0
BRDA:56,6,1,0
BRDA:57,7,0,0
BRDA:57,7,1,0
BRF:16
BRH:0
end_of_record
